Change Component Footprint: Designator=P11 Old Footprint=3x1 2.54mm header New Footprint=3x1 2.54mm header
Added Component: Designator=D13(0603_RED_LED)
Add component (AddParameter): Name = "ComponentLink1Description"; Value = "myLinks"; VariantName = "[No Variations]"
Add component (AddParameter): Name = "ComponentLink1URL"; Value = "https://cz.mouser.com/ProductDetail/ROHM-Semiconductor/SML-D12U1WT86?qs=M3jcYzEJUdEySuGkbjHEtQ%3D%3D"; VariantName = "[No Variations]"
Add component (AddParameter): Name = "Package"; Value = "0602"; VariantName = "[No Variations]"
Add component (AddParameter): Name = "PartNumber"; Value = "SML-D12U1WT86"; VariantName = "[No Variations]"
Add component (AddParameter): Name = "Supplier 1"; Value = "Mouser"; VariantName = "[No Variations]"
Add component (AddParameter): Name = "Supplier Part Number 1"; Value = "755-SML-D12U1WT86"; VariantName = "[No Variations]"
Add component (AddParameter): Name = "Value"; Value = "RED LED - 2.2V"; VariantName = "[No Variations]"
Added Component: Designator=R46(0603- SMD resistor)
Add component (AddParameter): Name = "ComponentLink1Description"; Value = "myLinks"; VariantName = "[No Variations]"
Add component (AddParameter): Name = "ComponentLink1URL"; Value = "https://cz.mouser.com/ProductDetail/Panasonic/ERJ-3GEY0R00V?qs=66DK8nO8gJALIOqOWgiVwg%3D%3D"; VariantName = "[No Variations]"
Add component (AddParameter): Name = "Package"; Value = "0603"; VariantName = "[No Variations]"
Add component (AddParameter): Name = "PartNumber"; Value = "ERJ-3GEY0R00V"; VariantName = "[No Variations]"
Add component (AddParameter): Name = "Supplier 1"; Value = "Mouser"; VariantName = "[No Variations]"
Add component (AddParameter): Name = "Supplier Part Number 1"; Value = "667-ERJ-3GEY0R00V"; VariantName = "[No Variations]"
Add component (AddParameter): Name = "Value"; Value = "0R"; VariantName = "[No Variations]"
Added Component: Designator=R51(RESC1005X40X25NL05T05)
Add component (AddParameter): Name = "ComponentLink1Description"; Value = "myLinks"; VariantName = "[No Variations]"
Add component (AddParameter): Name = "ComponentLink1URL"; Value = "https://cz.mouser.com/ProductDetail/YAGEO/RC0402JR-7W10KL?qs=tggtontpCXPnY%2FhgQXv%2FLg%3D%3D"; VariantName = "[No Variations]"
Add component (AddParameter): Name = "Package"; Value = "0402"; VariantName = "[No Variations]"
Add component (AddParameter): Name = "PartNumber"; Value = "RC0402JR-7W10KL"; VariantName = "[No Variations]"
Add component (AddParameter): Name = "Supplier 1"; Value = "Mouser"; VariantName = "[No Variations]"
Add component (AddParameter): Name = "Supplier Part Number 1"; Value = "603-RC0402JR-7W10KL"; VariantName = "[No Variations]"
Add component (AddParameter): Name = "Value"; Value = "10k"; VariantName = "[No Variations]"
Added Pin To Net: NetName=BOARD_PWR Pin=D13-2
Added Pin To Net: NetName=GND Pin=R51-1
Added Pin To Net: NetName=LED_12V_K Pin=D13-1
Added Pin To Net: NetName=LED_12V_K Pin=R51-2
Added Net: Name=LED_12V_K
Added Member To Class: ClassName=main_scheme Member=Component D13 RED LED - 2V2
Added Member To Class: ClassName=main_scheme Member=Component R46 0R
Added Member To Class: ClassName=main_scheme Member=Component R51 10k
