\BOOKMARK [0][-]{section*.5}{\376\377\000\332\000v\000o\000d}{}% 1
\BOOKMARK [0][-]{chapter.6}{\376\377\000K\000o\000n\000c\000e\000p\000t\000\040\000f\000u\000n\000k\001\015\000n\000o\000s\000t\000i\000\040\000t\000e\000s\000t\000e\000r\000u}{}% 2
\BOOKMARK [1][-]{section.7}{\376\377\000P\000r\000i\000n\000c\000i\000p\000\040\000f\000u\000n\000k\001\015\000n\000o\000s\000t\000i\000\040\000I\000C\000T\000\040\000t\000e\000s\000t\000e\000r\000u}{chapter.6}% 3
\BOOKMARK [1][-]{section.9}{\376\377\000K\000o\000n\000c\000e\000p\000c\000e\000\040\000n\000a\000v\000r\000h\000o\000v\000a\000n\000\351\000h\000o\000\040\000t\000e\000s\000t\000e\000r\000u}{chapter.6}% 4
\BOOKMARK [2][-]{subsection.11}{\376\377\000S\000y\000s\000t\000\351\000m\000o\000v\000\341\000\040\000k\000o\000n\000c\000e\000p\000c\000e}{section.9}% 5
\BOOKMARK [2][-]{subsection.15}{\376\377\000H\000a\000r\000d\000w\000a\000r\000o\000v\000\341\000\040\000k\000o\000n\000c\000e\000p\000c\000e}{section.9}% 6
\BOOKMARK [3][-]{section*.16}{\376\377\000P\000r\000o\000p\000o\000j\000e\000n\000\355\000\040\000b\000R\000C\000\040\000p\000i\000n\001\157\000\040\000m\000e\000z\000i\000\040\000s\000e\000b\000o\000u}{subsection.15}% 7
\BOOKMARK [3][-]{section*.17}{\376\377\000P\000r\000o\000p\000o\000j\000e\000n\000\355\000\040\000m\000e\000z\000i\000\040\000b\000R\000C\000\040\000a\000\040\000P\000r\000o\000b\000e\000s}{subsection.15}% 8
\BOOKMARK [0][-]{chapter.18}{\376\377\000N\000\341\000v\000r\000h\000\040\000m\001\033\001\131\000\355\000c\000\355\000c\000h\000\040\000k\000a\000r\000e\000t}{}% 9
\BOOKMARK [1][-]{section.19}{\376\377\000Z\000\341\000k\000l\000a\000d\000n\000\355\000\040\000p\000o\001\176\000a\000d\000a\000v\000k\000y\000\040\000n\000a\000\040\000m\001\033\001\131\000\355\000c\000\355\000\040\000k\000a\000r\000t\000y}{chapter.18}% 10
\BOOKMARK [1][-]{section.26}{\376\377\000F\000u\000n\000k\001\015\000n\000\355\000\040\000b\000l\000o\000k\000y}{chapter.18}% 11
\BOOKMARK [2][-]{subsection.28}{\376\377\000M\001\033\001\131\000\355\000c\000\355\000\040\001\015\000\341\000s\000t}{section.26}% 12
\BOOKMARK [3][-]{section*.29}{\376\377\000T\000e\000o\000r\000e\000t\000i\000c\000k\000\375\000\040\000n\000\341\000v\000r\000h}{subsection.28}% 13
\BOOKMARK [3][-]{section*.35}{\376\377\000V\000\375\000b\001\033\000r\000\040\000s\000o\000u\001\015\000\341\000s\000t\000e\000k\000\040\000a\000\040\000v\000o\000l\000b\000a\000\040\000j\000e\000j\000i\000c\000h\000\040\000h\000o\000d\000n\000o\000t\000y}{subsection.28}% 14
\BOOKMARK [3][-]{section*.36}{\376\377\000V\000o\000l\000b\000a\000\040\000v\000e\000l\000i\000k\000o\000s\000t\000i\000\040\000o\000d\000p\000o\000r\000u\000\040\000d\001\033\000l\000i\001\015\000e\000\040\000R\000o\000u\000t}{subsection.28}% 15
\BOOKMARK [3][-]{section*.48}{\376\377\000V\000o\000l\000b\000a\000\040\000P\000-\000c\000h\000a\000n\000n\000e\000l\000\040\000m\000o\000s\000f\000e\000t\000u}{subsection.28}% 16
\BOOKMARK [3][-]{section*.52}{\376\377\000V\000o\000l\000b\000a\000\040\000N\000-\000c\000h\000a\000n\000n\000e\000l\000\040\000m\000o\000s\000f\000e\000t\000u}{subsection.28}% 17
\BOOKMARK [3][-]{section*.54}{\376\377\000V\000o\000l\000b\000a\000\040\000k\000o\000m\000p\000a\000r\000\341\000t\000o\000r\000u}{subsection.28}% 18
\BOOKMARK [3][-]{section*.55}{\376\377\000V\000o\000l\000b\000a\000\040\000s\000h\000i\000f\000t\000\040\000r\000e\000g\000i\000s\000t\000r\001\157}{subsection.28}% 19
\BOOKMARK [3][-]{section*.56}{\376\377\000V\000o\000l\000b\000a\000\040\000m\000u\000l\000t\000i\000p\000l\000e\000x\000e\000r\001\157}{subsection.28}% 20
\BOOKMARK [2][-]{subsection.57}{\376\377\000N\000a\000p\000\341\000j\000e\000c\000\355\000\040\001\015\000\341\000s\000t}{section.26}% 21
\BOOKMARK [2][-]{subsection.60}{\376\377\000N\000\341\000v\000r\000h\000\040\000P\000C\000B}{section.26}% 22
\BOOKMARK [0][-]{chapter.64}{\376\377\000N\000\341\000v\000r\000h\000\040\000o\000v\000l\000\341\000d\000a\000c\000\355\000c\000h\000\040\000k\000a\000r\000e\000t}{}% 23
\BOOKMARK [1][-]{section.65}{\376\377\000Z\000\341\000k\000l\000a\000d\000n\000\355\000\040\000p\000o\001\176\000a\000d\000a\000v\000k\000y\000\040\000n\000a\000\040\000O\000v\000l\000\341\000d\000a\000c\000\355\000\040\000k\000a\000r\000t\000y}{chapter.64}% 24
\BOOKMARK [1][-]{section.70}{\376\377\000F\000u\000n\000k\001\015\000n\000\355\000\040\000b\000l\000o\000k\000y}{chapter.64}% 25
\BOOKMARK [2][-]{subsection.72}{\376\377\000M\000i\000k\000r\000o\000k\000o\000n\000t\000r\000o\000l\000\351\000r\000\040\000a\000\040\000j\000e\000h\000o\000\040\000p\000e\000r\000i\000f\000\351\000r\000i\000e}{section.70}% 26
\BOOKMARK [3][-]{section*.73}{\376\377\000D\000/\000A\000\040\000p\001\131\000e\000v\000o\000d\000n\000\355\000k}{subsection.72}% 27
\BOOKMARK [3][-]{section*.77}{\376\377\000P\000r\000o\000g\000r\000a\000m\000o\000v\000\341\000n\000\355\000\040\000a\000\040\000d\000e\000b\000u\000g\000i\000n\000g}{subsection.72}% 28
\BOOKMARK [3][-]{section*.78}{\376\377\000K\000o\000n\000f\000i\000g\000u\000r\000a\000c\000e\000\040\000h\000o\000d\000i\000n\000o\000v\000\351\000h\000o\000\040\000s\000i\000g\000n\000\341\000l\000u}{subsection.72}% 29
\BOOKMARK [2][-]{subsection.80}{\376\377\000K\000o\000n\000e\000k\000t\000i\000v\000i\000t\000a}{section.70}% 30
\BOOKMARK [3][-]{section*.81}{\376\377\000E\000t\000h\000e\000r\000n\000e\000t}{subsection.80}% 31
\BOOKMARK [3][-]{section*.83}{\376\377\000U\000S\000B}{subsection.80}% 32
\BOOKMARK [2][-]{subsection.85}{\376\377\000N\000a\000p\000\341\000j\000e\000n\000\355}{section.70}% 33
\BOOKMARK [0][-]{chapter.89}{\376\377\000A\000l\000g\000o\000r\000i\000t\000m\000i\000z\000a\000c\000e\000\040\000a\000\040\000m\001\033\001\131\000\355\000c\000\355\000\040\000p\000r\000o\000c\000e\000d\000u\000r\000y}{}% 34
\BOOKMARK [1][-]{section.90}{\376\377\000K\000o\000m\000u\000n\000i\000k\000a\001\015\000n\000\355\000\040\000p\000r\000o\000t\000o\000k\000o\000l\000\040\000o\000v\000l\000\341\000d\000a\000c\000\355\000c\000h\000\040\000k\000a\000r\000e\000t}{chapter.89}% 35
\BOOKMARK [2][-]{subsection.91}{\376\377\000P\001\131\000\355\000k\000a\000z\000y\000\040\000S\000E\000T}{section.90}% 36
\BOOKMARK [3][-]{section*.92}{\376\377\000S\000E\000T\000\040\000D\000A\000C}{subsection.91}% 37
\BOOKMARK [3][-]{section*.93}{\376\377\000S\000E\000T\000\040\000S\000H\000I\000F\000T\000\137\000R\000E\000G\000I\000S\000T\000E\000R}{subsection.91}% 38
\BOOKMARK [3][-]{section*.94}{\376\377\000S\000E\000T\000\040\000C\000O\000N\000F\000I\000G\000U\000R\000A\000T\000I\000O\000N}{subsection.91}% 39
\BOOKMARK [2][-]{subsection.95}{\376\377\000P\001\131\000\355\000k\000a\000z\000y\000\040\000R\000E\000A\000D}{section.90}% 40
\BOOKMARK [3][-]{section*.96}{\376\377\000R\000E\000A\000D\000\040\000M\000U\000X}{subsection.95}% 41
\BOOKMARK [3][-]{section*.97}{\376\377\000R\000E\000A\000D\000\040\000S\000H\000I\000F\000T\000\137\000R\000E\000G\000I\000S\000T\000E\000R}{subsection.95}% 42
\BOOKMARK [3][-]{section*.98}{\376\377\000R\000E\000A\000D\000\040\000C\000O\000N\000F\000I\000G\000U\000R\000A\000T\000I\000O\000N}{subsection.95}% 43
\BOOKMARK [2][-]{subsection.99}{\376\377\000P\001\131\000\355\000k\000a\000z\000y\000\040\000M\000E\000A\000S\000U\000R\000E}{section.90}% 44
\BOOKMARK [3][-]{section*.100}{\376\377\000M\000E\000A\000S\000U\000R\000E\000\040\000V\000O\000L\000T\000A\000G\000E}{subsection.99}% 45
\BOOKMARK [3][-]{section*.107}{\376\377\000M\000E\000A\000S\000U\000R\000E\000\040\000A\000D\000C}{subsection.99}% 46
\BOOKMARK [0][-]{chapter.108}{\376\377\000P\000C\000\040\000a\000p\000l\000i\000k\000a\000c\000e}{}% 47
\BOOKMARK [1][-]{section.109}{\376\377\000P\000r\000i\000n\000c\000i\000p\000y\000\040\000f\000u\000n\000k\000c\000e\000\040\000P\000C\000\040\000a\000p\000l\000i\000k\000a\000c\000e}{chapter.108}% 48
\BOOKMARK [1][-]{section.111}{\376\377\000P\000C\000\040\000a\000p\000l\000i\000k\000a\000c\000e\000\040\000-\000\040\000R\000a\000w\000\040\000l\000o\000w\000\040\000l\000a\000y\000e\000r}{chapter.108}% 49
\BOOKMARK [1][-]{section.112}{\376\377\000P\000C\000\040\000a\000p\000l\000i\000k\000a\000c\000e\000\040\000-\000\040\000T\000t\000r\000a\000n\000s\000l\000a\000t\000i\000o\000n\000\040\000L\000a\000y\000e\000r}{chapter.108}% 50
\BOOKMARK [1][-]{section.113}{\376\377\000P\000C\000\040\000a\000p\000l\000i\000k\000a\000c\000e\000\040\000-\000\040\000D\000e\000v\000i\000c\000e\000\040\000H\000u\000b\000\040\000L\000a\000y\000e\000r}{chapter.108}% 51
\BOOKMARK [1][-]{section.114}{\376\377\000P\000C\000\040\000a\000p\000l\000i\000k\000a\000c\000e\000\040\000-\000\040\000T\000e\000s\000t\000\040\000R\000e\000s\000u\000l\000t\000\040\000L\000a\000y\000e\000r}{chapter.108}% 52
\BOOKMARK [2][-]{subsection.115}{\376\377\000k\000o\000n\000f\000i\000g\000u\000r\000a\001\015\000n\000\355\000\040\000s\000o\000u\000b\000o\000r\000\040\000t\000e\000s\000t\000s\000.\000y\000a\000m\000l}{section.114}% 53
\BOOKMARK [2][-]{subsection.119}{\376\377\000k\000o\000n\000f\000i\000g\000u\000r\000a\001\015\000n\000\355\000\040\000s\000o\000u\000b\000o\000r\000\040\000t\000e\000s\000t\000s\000.\000y\000a\000m\000l}{section.114}% 54
\BOOKMARK [0][-]{section*.122}{\376\377\000Z\000\341\000v\001\033\000r}{}% 55
\BOOKMARK [0][-]{section*.124}{\376\377\000L\000i\000t\000e\000r\000a\000t\000u\000r\000a}{}% 56
\BOOKMARK [0][-]{section*.126}{\376\377\000S\000e\000z\000n\000a\000m\000\040\000s\000y\000m\000b\000o\000l\001\157\000\040\000a\000\040\000z\000k\000r\000a\000t\000e\000k}{}% 57
\BOOKMARK [0][-]{section*.128}{\376\377\000S\000e\000z\000n\000a\000m\000\040\000p\001\131\000\355\000l\000o\000h}{}% 58
\BOOKMARK [0][-]{chapter.129}{\376\377\000S\000c\000h\000\351\000m\000a\000\040\000m\001\033\001\131\000\355\000c\000\355\000\040\000k\000a\000r\000t\000y\000\040}{}% 59
\BOOKMARK [0][-]{chapter.130}{\376\377\000S\000c\000h\000\351\000m\000a\000\040\000O\000v\000l\000\341\000d\000a\000c\000\355\000\040\000k\000a\000r\000t\000y\000\040}{}% 60
