Removed Pin From Net: NetName=MUX_D_6_41 Pin=J22-1
Removed Pin From Net: NetName=MUX_D_7_41 Pin=J22-2
Removed Pin From Net: NetName=NMOS_SHFT_6TO10_SER_41 Pin=J22-3
Removed Pin From Net: NetName=MUX_D_8_41 Pin=J22-4
Removed Pin From Net: NetName=NMOS_SHFT_6TO10_NOE_41 Pin=J22-5
Removed Pin From Net: NetName=MUX_D_9_41 Pin=J22-6
Removed Pin From Net: NetName=NMOS_SHFT_6TO10_RCLK_41 Pin=J22-7
Removed Pin From Net: NetName=MUX_D_10_41 Pin=J22-8
Removed Pin From Net: NetName=NMOS_SHFT_6TO10_SRCLK_41 Pin=J22-9
Removed Pin From Net: NetName=MUXes_6TO10_nEN_41 Pin=J22-10
Removed Pin From Net: NetName=NMOS_SHFT_6TO10_SRCLR_41 Pin=J22-11
Removed Pin From Net: NetName=MUXes_6TO10_A0_41 Pin=J22-12
Removed Pin From Net: NetName=PMOS_SHFT_6TO10_SER_41 Pin=J22-13
Removed Pin From Net: NetName=MUXes_6TO10_A2_41 Pin=J22-14
Removed Pin From Net: NetName=PMOS_SHFT_6TO10_NOE_41 Pin=J22-15
Removed Pin From Net: NetName=MUXes_6TO10_A1_41 Pin=J22-16
Removed Pin From Net: NetName=PMOS_SHFT_6TO10_RCLK_41 Pin=J22-17
Removed Pin From Net: NetName=PMOS_SHFT_6TO10_SRCLK_41 Pin=J22-19
Removed Pin From Net: NetName=PMOS_SHFT_6TO10_SRCLR_41 Pin=J22-21
Removed Pin From Net: NetName=BOARD_PWR Pin=J22-22
Removed Pin From Net: NetName=MUX_D_5_41 Pin=J22-23
Removed Pin From Net: NetName=BOARD_PWR Pin=J22-24
Removed Pin From Net: NetName=MUX_D_4_41 Pin=J22-25
Removed Pin From Net: NetName=BOARD_PWR Pin=J22-26
Removed Pin From Net: NetName=MUX_D_3_41 Pin=J22-27
Removed Pin From Net: NetName=3V3 Pin=J22-28
Removed Pin From Net: NetName=MUX_D_2_41 Pin=J22-29
Removed Pin From Net: NetName=Vpins Pin=J22-30
Removed Pin From Net: NetName=MUX_D_1_41 Pin=J22-31
Removed Pin From Net: NetName=Vref Pin=J22-32
Removed Pin From Net: NetName=MUXes_1to5__A0_41 Pin=J22-33
Removed Pin From Net: NetName=GND Pin=J22-34
Removed Pin From Net: NetName=MUXes_1to5_nEN_41 Pin=J22-35
Removed Pin From Net: NetName=GND Pin=J22-36
Removed Pin From Net: NetName=MUXes_1to5__A1_41 Pin=J22-37
Removed Pin From Net: NetName=GND Pin=J22-38
Removed Pin From Net: NetName=MUXes_1to5__A2_41 Pin=J22-39
Removed Pin From Net: NetName=GND Pin=J22-40
Removed Pin From Net: NetName=NMOS_SHFT_1TO5_NOE_41 Pin=J22-41
Removed Pin From Net: NetName=PMOS_SHFT_1TO5_SRCLR_41 Pin=J22-42
Removed Pin From Net: NetName=NMOS_SHFT_1TO5_SER_41 Pin=J22-43
Removed Pin From Net: NetName=PMOS_SHFT_1TO5_SRCLK_41 Pin=J22-44
Removed Pin From Net: NetName=NMOS_SHFT_1TO5_RCLK_41 Pin=J22-45
Removed Pin From Net: NetName=PMOS_SHFT_1TO5_RCLK_41 Pin=J22-46
Removed Pin From Net: NetName=NMOS_SHFT_1TO5_SRCLK_41 Pin=J22-47
Removed Pin From Net: NetName=PMOS_SHFT_1TO5_NOE_41 Pin=J22-48
Removed Pin From Net: NetName=NMOS_SHFT_1TO5_SRCLR_41 Pin=J22-49
Removed Pin From Net: NetName=PMOS_SHFT_1TO5_SER_41 Pin=J22-50
Change Component Footprint: Designator=P1 Old Footprint=2.54mm header 3x1 New Footprint=2.54mm header 3x1
Change Component Footprint: Designator=P2 Old Footprint=2.54mm header 3x1 New Footprint=2.54mm header 3x1
Change Component Footprint: Designator=J1 Old Footprint=09033966921 New Footprint=09033966921 - NO_3D
Added Component: Designator=J2(872645052)
Add component (AddParameter): Name = "Arrow Part Number"; Value = ""; VariantName = "[No Variations]"
Add component (AddParameter): Name = "Arrow Price/Stock"; Value = ""; VariantName = "[No Variations]"
Add component (AddParameter): Name = "Datasheet Link"; Value = "https://datasheet.datasheetarchive.com/originals/dk/DKDS-17/324387.pdf"; VariantName = "[No Variations]"
Add component (AddParameter): Name = "Height"; Value = "4mm"; VariantName = "[No Variations]"
Add component (AddParameter): Name = "Manufacturer_Name"; Value = "Molex"; VariantName = "[No Variations]"
Add component (AddParameter): Name = "Manufacturer_Part_Number"; Value = "87264-5052"; VariantName = "[No Variations]"
Add component (AddParameter): Name = "Mouser Part Number"; Value = "538-87264-5052"; VariantName = "[No Variations]"
Add component (AddParameter): Name = "Mouser Price/Stock"; Value = "https://www.mouser.co.uk/ProductDetail/Molex/87264-5052?qs=9Wl4wMk6Njq4xjq5OEy3Bw%3D%3D"; VariantName = "[No Variations]"
Add component (AddParameter): Name = "Mouser Testing Part Number"; Value = ""; VariantName = "[No Variations]"
Add component (AddParameter): Name = "Mouser Testing Price/Stock"; Value = ""; VariantName = "[No Variations]"
Added Pin To Net: NetName=MUXes_6TO10_A0_41 Pin=J2-1
Added Pin To Net: NetName=NMOS_SHFT_1TO5_NOE_41 Pin=J2-2
Added Pin To Net: NetName=MUXes_6TO10_A1_41 Pin=J2-3
Added Pin To Net: NetName=NMOS_SHFT_1TO5_SER_41 Pin=J2-4
Added Pin To Net: NetName=MUXes_6TO10_A2_41 Pin=J2-5
Added Pin To Net: NetName=NMOS_SHFT_1TO5_RCLK_41 Pin=J2-6
Added Pin To Net: NetName=MUX_D_10_41 Pin=J2-7
Added Pin To Net: NetName=NMOS_SHFT_1TO5_SRCLK_41 Pin=J2-8
Added Pin To Net: NetName=MUX_D_9_41 Pin=J2-9
Added Pin To Net: NetName=NMOS_SHFT_1TO5_SRCLR_41 Pin=J2-10
Added Pin To Net: NetName=MUX_D_8_41 Pin=J2-11
Added Pin To Net: NetName=NMOS_SHFT_6TO10_NOE_41 Pin=J2-12
Added Pin To Net: NetName=MUX_D_7_41 Pin=J2-13
Added Pin To Net: NetName=NMOS_SHFT_6TO10_SER_41 Pin=J2-14
Added Pin To Net: NetName=MUX_D_6_41 Pin=J2-15
Added Pin To Net: NetName=NMOS_SHFT_6TO10_RCLK_41 Pin=J2-16
Added Pin To Net: NetName=MUX_D_5_41 Pin=J2-17
Added Pin To Net: NetName=NMOS_SHFT_6TO10_SRCLK_41 Pin=J2-18
Added Pin To Net: NetName=MUX_D_4_41 Pin=J2-19
Added Pin To Net: NetName=NMOS_SHFT_6TO10_SRCLR_41 Pin=J2-20
Added Pin To Net: NetName=MUX_D_3_41 Pin=J2-21
Added Pin To Net: NetName=PMOS_SHFT_1TO5_NOE_41 Pin=J2-22
Added Pin To Net: NetName=MUX_D_2_41 Pin=J2-23
Added Pin To Net: NetName=PMOS_SHFT_1TO5_SER_41 Pin=J2-24
Added Pin To Net: NetName=MUX_D_1_41 Pin=J2-25
Added Pin To Net: NetName=PMOS_SHFT_1TO5_RCLK_41 Pin=J2-26
Added Pin To Net: NetName=Vref Pin=J2-27
Added Pin To Net: NetName=PMOS_SHFT_1TO5_SRCLK_41 Pin=J2-28
Added Pin To Net: NetName=Vref Pin=J2-29
Added Pin To Net: NetName=PMOS_SHFT_1TO5_SRCLR_41 Pin=J2-30
Added Pin To Net: NetName=3V3 Pin=J2-31
Added Pin To Net: NetName=PMOS_SHFT_6TO10_NOE_41 Pin=J2-32
Added Pin To Net: NetName=3V3 Pin=J2-33
Added Pin To Net: NetName=PMOS_SHFT_6TO10_SER_41 Pin=J2-34
Added Pin To Net: NetName=PMOS_SHFT_6TO10_RCLK_41 Pin=J2-36
Added Pin To Net: NetName=PMOS_SHFT_6TO10_SRCLK_41 Pin=J2-38
Added Pin To Net: NetName=BOARD_PWR Pin=J2-39
Added Pin To Net: NetName=PMOS_SHFT_6TO10_SRCLR_41 Pin=J2-40
Added Pin To Net: NetName=BOARD_PWR Pin=J2-41
Added Pin To Net: NetName=MUXes_1to5_nEN_41 Pin=J2-42
Added Pin To Net: NetName=BOARD_PWR Pin=J2-43
Added Pin To Net: NetName=MUXes_1to5__A0_41 Pin=J2-44
Added Pin To Net: NetName=GND Pin=J2-45
Added Pin To Net: NetName=MUXes_1to5__A1_41 Pin=J2-46
Added Pin To Net: NetName=GND Pin=J2-47
Added Pin To Net: NetName=MUXes_1to5__A2_41 Pin=J2-48
Added Pin To Net: NetName=GND Pin=J2-49
Added Pin To Net: NetName=MUXes_6TO10_nEN_41 Pin=J2-50
Change Net Name : Old Net Name=3V3 New Net Name=PWR_MCU
Added Pin To Net: NetName=NetJ2_35 Pin=J2-35
Added Pin To Net: NetName=NetJ2_35 Pin=P2-1
Added Pin To Net: NetName=NetJ2_35 Pin=R2-2
Added Net: Name=NetJ2_35
Added Pin To Net: NetName=NetJ2_37 Pin=J2-37
Added Pin To Net: NetName=NetJ2_37 Pin=P1-1
Added Pin To Net: NetName=NetJ2_37 Pin=R1-2
Added Net: Name=NetJ2_37
Added Class: Name=main_scheme
Added Room: Name=main_scheme
Added Room: Name=U_POWER
